#
# A fatal error has been detected by the Java Runtime Environment:
#
#  SIGSEGV (0xb) at pc=0x0000000115c3185e, pid=2935, tid=124967
#
# JRE version: Java(TM) SE Runtime Environment (8.0_91-b14) (build 1.8.0_91-b14)
# Java VM: Java HotSpot(TM) 64-Bit Server VM (25.91-b14 mixed mode bsd-amd64 compressed oops)
# Problematic frame:
# C  [libjfxmedia_avf.dylib+0x785e]  _ZN18AVFKernelComponent18ProcessBufferListsERjRK15AudioBufferListRS1_j+0x22
#
# Failed to write core dump. Core dumps have been disabled. To enable core dumping, try "ulimit -c unlimited" before starting Java again
#
# If you would like to submit a bug report, please visit:
#   http://bugreport.java.com/bugreport/crash.jsp
#

---------------  T H R E A D  ---------------

Current thread is native thread

siginfo: si_signo: 11 (SIGSEGV), si_code: 0 (unknown), si_addr: 0x0000000000000000

Registers:
RAX=0xe00007fb6f65370c, RBX=0x0000700012f4ba54, RCX=0x00007fb6f3ede520, RDX=0x00007fb6f65c2840
RSP=0x0000700012f4b7a0, RBP=0x0000700012f4b7a0, RSI=0x0000700012f4ba54, RDI=0x00007fb6f3ef5b70
R8 =0x0000000000001000, R9 =0x0000700012f4b5b7, R10=0x0000000115c4c290, R11=0xfffffffffd91bce0
R12=0x00007fb6f3eb0ef0, R13=0x00007fb6f65c2840, R14=0x0000000115c3183c, R15=0x0000000000001000
RIP=0x0000000115c3185e, EFLAGS=0x0000000000010202, ERR=0x0000000000000000
  TRAPNO=0x000000000000000d

Top of Stack: (sp=0x0000700012f4b7a0)
0x0000700012f4b7a0:   0000700012f4b800 0000000115c3aab2
0x0000700012f4b7b0:   0000000000000000 0000700012f4ba54
0x0000700012f4b7c0:   0000000000000000 0000000000000000
0x0000700012f4b7d0:   0000000000000000 0000700012f4ba54
0x0000700012f4b7e0:   00007fb6f3eb0ef0 00007fb6f3eb10d0
0x0000700012f4b7f0:   00007fb6f3eb1280 0000000000001000
0x0000700012f4b800:   0000700012f4b850 0000000115c35369
0x0000700012f4b810:   0000000000000000 0000700012f4ba78
0x0000700012f4b820:   0000000000000000 0000000000009fe0
0x0000700012f4b830:   00007fb6f3eb10d0 00000000ffffffce
0x0000700012f4b840:   0000000000001000 00007fb6f3eb0ef0
0x0000700012f4b850:   0000700012f4b8c0 0000000115c339a1
0x0000700012f4b860:   00007fb6f3eb1280 00009fe0932a9fed
0x0000700012f4b870:   0000700012f4ba54 0000700012f4ba78
0x0000700012f4b880:   0000000012f4b8e0 00007fb6f3eb1280
0x0000700012f4b890:   00009fe000000000 00000000ffffffce
0x0000700012f4b8a0:   0000700012f4ba54 0000000000000000
0x0000700012f4b8b0:   0000000000001000 0000700012f4ba78
0x0000700012f4b8c0:   0000700012f4b8e0 0000000115c37996
0x0000700012f4b8d0:   00000000fffffffc 00007fb6f3eb1190
0x0000700012f4b8e0:   0000700012f4b920 0000000115c36777
0x0000700012f4b8f0:   00007fb6f3eb1190 0000700012f4ba78
0x0000700012f4b900:   00007fb6f3ee0440 00000000ffffd584
0x0000700012f4b910:   0000700012f4ba54 0000000000001000
0x0000700012f4b920:   0000700012f4b980 0000000115c3a8f0
0x0000700012f4b930:   0000000000000000 0000700012f4ba54
0x0000700012f4b940:   0000000000000000 0000000000000000
0x0000700012f4b950:   0000000000000000 0000700012f4ba54
0x0000700012f4b960:   00007fb6f3ee0440 00007fb6f650eb00
0x0000700012f4b970:   00007fb6f9a6efc8 0000000000001000
0x0000700012f4b980:   0000700012f4b9d0 0000000115c35369
0x0000700012f4b990:   0000000000000000 0000700012f4ba78 

Instructions: (pc=0x0000000115c3185e)
0x0000000115c3183e:   89 e5 80 bf d0 01 00 00 00 74 06 5d e9 bf 92 00
0x0000000115c3184e:   00 48 8b bf d8 01 00 00 48 85 ff 74 0a 48 8b 07
0x0000000115c3185e:   48 8b 40 28 5d ff e0 31 c0 5d c3 90 55 48 89 e5
0x0000000115c3186e:   41 57 41 56 41 55 41 54 53 50 4d 89 c6 41 89 d5 

Register to memory mapping:

RAX=0xe00007fb6f65370c is an unknown value
RBX=0x0000700012f4ba54 is an unknown value
RCX=0x00007fb6f3ede520 is an unknown value
RDX=0x00007fb6f65c2840 is an unknown value
RSP=0x0000700012f4b7a0 is an unknown value
RBP=0x0000700012f4b7a0 is an unknown value
RSI=0x0000700012f4ba54 is an unknown value
RDI=0x00007fb6f3ef5b70 is an unknown value
R8 =0x0000000000001000 is an unknown value
R9 =0x0000700012f4b5b7 is an unknown value
R10=0x0000000115c4c290: _ZTV18AVFEqualizerKernel+0x10 in /Library/Java/JavaVirtualMachines/jdk1.8.0_91.jdk/Contents/Home/jre/lib/libjfxmedia_avf.dylib at 0x0000000115c2a000
R11=0xfffffffffd91bce0 is an unknown value
R12=0x00007fb6f3eb0ef0 is an unknown value
R13=0x00007fb6f65c2840 is an unknown value
R14=0x0000000115c3183c: _ZN18AVFKernelComponent18ProcessBufferListsERjRK15AudioBufferListRS1_j+0 in /Library/Java/JavaVirtualMachines/jdk1.8.0_91.jdk/Contents/Home/jre/lib/libjfxmedia_avf.dylib at 0x0000000115c2a000
R15=0x0000000000001000 is an unknown value


Stack: [0x0000700012ecc000,0x0000700012f4c000],  sp=0x0000700012f4b7a0,  free space=509k
Native frames: (J=compiled Java code, j=interpreted, Vv=VM code, C=native code)
C  [libjfxmedia_avf.dylib+0x785e]  _ZN18AVFKernelComponent18ProcessBufferListsERjRK15AudioBufferListRS1_j+0x22
C  [libjfxmedia_avf.dylib+0x10ab2]  _ZN12AUEffectBase6RenderERjRK14AudioTimeStampj+0x240
C  [libjfxmedia_avf.dylib+0xb369]  _ZN6AUBase11DoRenderBusERjRK14AudioTimeStampjP15AUOutputElementjR15AudioBufferList+0xa9
C  [libjfxmedia_avf.dylib+0x99a1]  _ZN6AUBase8DoRenderERjRK14AudioTimeStampjjR15AudioBufferList+0x1b9
C  [libjfxmedia_avf.dylib+0xd996]  _ZL14AUMethodRenderPvPjPK14AudioTimeStampjjP15AudioBufferList+0x2e
C  [libjfxmedia_avf.dylib+0xc777]  _ZN14AUInputElement9PullInputERjRK14AudioTimeStampjj+0x8d
C  [libjfxmedia_avf.dylib+0x108f0]  _ZN12AUEffectBase6RenderERjRK14AudioTimeStampj+0x7e
C  [libjfxmedia_avf.dylib+0xb369]  _ZN6AUBase11DoRenderBusERjRK14AudioTimeStampjP15AUOutputElementjR15AudioBufferList+0xa9
C  [libjfxmedia_avf.dylib+0x99a1]  _ZN6AUBase8DoRenderERjRK14AudioTimeStampjjR15AudioBufferList+0x1b9
C  [libjfxmedia_avf.dylib+0xd996]  _ZL14AUMethodRenderPvPjPK14AudioTimeStampjjP15AudioBufferList+0x2e
C  [libjfxmedia_avf.dylib+0x54b1]  _ZL15ProcessAudioTapPKvljP15AudioBufferListPlPj+0x63
C  [MediaToolbox+0x36a18d]  MTAudioProcessingTapGetSourceAudio+0x852
C  [AudioToolbox+0xe5ecf]  _Z25AQClientCallProcessingTapPvjP14AudioTimeStampPjS2_P15AudioBufferListidjdjPKhj+0x5d
C  [AudioToolbox+0x16ef20]  _ZN15AQProcessingTap9DoCalloutERjR14AudioTimeStampS0_R15AudioBufferList+0xbc
C  [AudioToolbox+0x16ed1f]  _ZN16AudioQueueObject18PerformTapInternalER14AudioTimeStampRjS2_+0x85
C  [AudioToolbox+0x16ec25]  _ZN16AudioQueueObject20PerformProcessingTapEPFiPvRjRK14AudioTimeStampjR15AudioBufferListRdS1_ES0_RS2_S1_S6_S1_+0xc5
C  [AudioToolbox+0x17a5e5]  _ZN14MEMixerChannel13TapDownstreamEPvPjPK14AudioTimeStampjjP15AudioBufferList+0x81
C  [CoreAudio+0x1100c5]  _ZN14AUInputElement9PullInputERjRK14AudioTimeStampjj+0xb9
C  [CoreAudio+0x5eb44]  _ZN18AUDeferredRenderer7ProduceEv+0x240
C  [CoreAudio+0x5e87b]  _ZN18AUDeferredRenderer18ProducerThreadProcEv+0x31
C  [CoreAudio+0x5e27b]  _ZN18AUDeferredRenderer18ProducerThreadProcEPv+0x1f
C  [CoreAudio+0x126875]  _ZN9CAPThread5EntryEPS_+0x55
C  [libsystem_pthread.dylib+0x3aab]  _pthread_body+0xb4
C  [libsystem_pthread.dylib+0x39f7]  _pthread_body+0x0
C  [libsystem_pthread.dylib+0x31fd]  thread_start+0xd


---------------  P R O C E S S  ---------------

VM state:not at safepoint (normal execution)

VM Mutex/Monitor currently owned by a thread: None

Heap:
 PSYoungGen      total 20480K, used 1054K [0x00000007aab00000, 0x00000007ac380000, 0x00000007c0000000)
  eden space 15872K, 5% used [0x00000007aab00000,0x00000007aabdfa20,0x00000007aba80000)
  from space 4608K, 3% used [0x00000007abf00000,0x00000007abf28000,0x00000007ac380000)
  to   space 4608K, 0% used [0x00000007aba80000,0x00000007aba80000,0x00000007abf00000)
 ParOldGen       total 44032K, used 7907K [0x0000000780000000, 0x0000000782b00000, 0x00000007aab00000)
  object space 44032K, 17% used [0x0000000780000000,0x00000007807b8f38,0x0000000782b00000)
 Metaspace       used 18648K, capacity 19396K, committed 19456K, reserved 1067008K
  class space    used 2586K, capacity 2788K, committed 2816K, reserved 1048576K

Card table byte_map: [0x000000010bd96000,0x000000010bf97000] byte_map_base: 0x0000000108196000

Marking Bits: (ParMarkBitMap*) 0x000000010b2e6eb0
 Begin Bits: [0x000000010c0ed000, 0x000000010d0ed000)
 End Bits:   [0x000000010d0ed000, 0x000000010e0ed000)

Polling page: 0x000000010a1d3000

CodeCache: size=245760Kb used=8068Kb max_used=8372Kb free=237691Kb
 bounds [0x0000000118500000, 0x0000000118d40000, 0x0000000127500000]
 total_blobs=3336 nmethods=2676 adapters=572
 compilation: enabled

Compilation events (10 events):
Event: 28.056 Thread 0x00007fb6f48b1000 2895       3       com.sun.javafx.geom.transform.GeneralTransform3D::ortho (189 bytes)
Event: 28.056 Thread 0x00007fb6f48b1000 nmethod 2895 0x0000000118758890 code [0x0000000118758a80, 0x0000000118758e48]
Event: 28.086 Thread 0x00007fb6f48b1000 2896       1       javafx.scene.Node::usesMirroring (2 bytes)
Event: 28.086 Thread 0x00007fb6f48b1000 nmethod 2896 0x00000001189803d0 code [0x0000000118980520, 0x0000000118980630]
Event: 28.086 Thread 0x00007fb6f48b1000 2897       3       javafx.scene.Node$NodeTransformation::getRotate (19 bytes)
Event: 28.087 Thread 0x00007fb6f48b1000 nmethod 2897 0x0000000118689f10 code [0x000000011868a0a0, 0x000000011868a468]
Event: 28.087 Thread 0x00007fb6f48b1000 2898       3       javafx.scene.Node$NodeTransformation::getScaleY (19 bytes)
Event: 28.087 Thread 0x00007fb6f48b1000 nmethod 2898 0x00000001188ea8d0 code [0x00000001188eaa80, 0x00000001188eae48]
Event: 28.088 Thread 0x00007fb6f48b1000 2899       3       javafx.scene.Node$NodeTransformation::getScaleZ (19 bytes)
Event: 28.088 Thread 0x00007fb6f48b1000 nmethod 2899 0x000000011890f650 code [0x000000011890f800, 0x000000011890fbc8]

GC Heap History (10 events):
Event: 24.828 GC heap before
{Heap before GC invocations=16 (full 0):
 PSYoungGen      total 21504K, used 15936K [0x00000007aab00000, 0x00000007ac580000, 0x00000007c0000000)
  eden space 15872K, 100% used [0x00000007aab00000,0x00000007aba80000,0x00000007aba80000)
  from space 5632K, 1% used [0x00000007aba80000,0x00000007aba90000,0x00000007ac000000)
  to   space 5632K, 0% used [0x00000007ac000000,0x00000007ac000000,0x00000007ac580000)
 ParOldGen       total 44032K, used 7715K [0x0000000780000000, 0x0000000782b00000, 0x00000007aab00000)
  object space 44032K, 17% used [0x0000000780000000,0x0000000780788f38,0x0000000782b00000)
 Metaspace       used 18524K, capacity 19250K, committed 19456K, reserved 1067008K
  class space    used 2584K, capacity 2787K, committed 2816K, reserved 1048576K
Event: 24.829 GC heap after
Heap after GC invocations=16 (full 0):
 PSYoungGen      total 21504K, used 96K [0x00000007aab00000, 0x00000007ac580000, 0x00000007c0000000)
  eden space 15872K, 0% used [0x00000007aab00000,0x00000007aab00000,0x00000007aba80000)
  from space 5632K, 1% used [0x00000007ac000000,0x00000007ac018000,0x00000007ac580000)
  to   space 5632K, 0% used [0x00000007aba80000,0x00000007aba80000,0x00000007ac000000)
 ParOldGen       total 44032K, used 7731K [0x0000000780000000, 0x0000000782b00000, 0x00000007aab00000)
  object space 44032K, 17% used [0x0000000780000000,0x000000078078cf38,0x0000000782b00000)
 Metaspace       used 18524K, capacity 19250K, committed 19456K, reserved 1067008K
  class space    used 2584K, capacity 2787K, committed 2816K, reserved 1048576K
}
Event: 26.125 GC heap before
{Heap before GC invocations=17 (full 0):
 PSYoungGen      total 21504K, used 15968K [0x00000007aab00000, 0x00000007ac580000, 0x00000007c0000000)
  eden space 15872K, 100% used [0x00000007aab00000,0x00000007aba80000,0x00000007aba80000)
  from space 5632K, 1% used [0x00000007ac000000,0x00000007ac018000,0x00000007ac580000)
  to   space 5632K, 0% used [0x00000007aba80000,0x00000007aba80000,0x00000007ac000000)
 ParOldGen       total 44032K, used 7731K [0x0000000780000000, 0x0000000782b00000, 0x00000007aab00000)
  object space 44032K, 17% used [0x0000000780000000,0x000000078078cf38,0x0000000782b00000)
 Metaspace       used 18541K, capacity 19262K, committed 19456K, reserved 1067008K
  class space    used 2584K, capacity 2787K, committed 2816K, reserved 1048576K
Event: 26.125 GC heap after
Heap after GC invocations=17 (full 0):
 PSYoungGen      total 16384K, used 160K [0x00000007aab00000, 0x00000007ac480000, 0x00000007c0000000)
  eden space 15872K, 0% used [0x00000007aab00000,0x00000007aab00000,0x00000007aba80000)
  from space 512K, 31% used [0x00000007aba80000,0x00000007abaa8000,0x00000007abb00000)
  to   space 5120K, 0% used [0x00000007abf80000,0x00000007abf80000,0x00000007ac480000)
 ParOldGen       total 44032K, used 7739K [0x0000000780000000, 0x0000000782b00000, 0x00000007aab00000)
  object space 44032K, 17% used [0x0000000780000000,0x000000078078ef38,0x0000000782b00000)
 Metaspace       used 18541K, capacity 19262K, committed 19456K, reserved 1067008K
  class space    used 2584K, capacity 2787K, committed 2816K, reserved 1048576K
}
Event: 26.790 GC heap before
{Heap before GC invocations=18 (full 0):
 PSYoungGen      total 16384K, used 16032K [0x00000007aab00000, 0x00000007ac480000, 0x00000007c0000000)
  eden space 15872K, 100% used [0x00000007aab00000,0x00000007aba80000,0x00000007aba80000)
  from space 512K, 31% used [0x00000007aba80000,0x00000007abaa8000,0x00000007abb00000)
  to   space 5120K, 0% used [0x00000007abf80000,0x00000007abf80000,0x00000007ac480000)
 ParOldGen       total 44032K, used 7739K [0x0000000780000000, 0x0000000782b00000, 0x00000007aab00000)
  object space 44032K, 17% used [0x0000000780000000,0x000000078078ef38,0x0000000782b00000)
 Metaspace       used 18573K, capacity 19326K, committed 19456K, reserved 1067008K
  class space    used 2584K, capacity 2787K, committed 2816K, reserved 1048576K
Event: 26.792 GC heap after
Heap after GC invocations=18 (full 0):
 PSYoungGen      total 20992K, used 160K [0x00000007aab00000, 0x00000007ac480000, 0x00000007c0000000)
  eden space 15872K, 0% used [0x00000007aab00000,0x00000007aab00000,0x00000007aba80000)
  from space 5120K, 3% used [0x00000007abf80000,0x00000007abfa8000,0x00000007ac480000)
  to   space 5120K, 0% used [0x00000007aba80000,0x00000007aba80000,0x00000007abf80000)
 ParOldGen       total 44032K, used 7771K [0x0000000780000000, 0x0000000782b00000, 0x00000007aab00000)
  object space 44032K, 17% used [0x0000000780000000,0x0000000780796f38,0x0000000782b00000)
 Metaspace       used 18573K, capacity 19326K, committed 19456K, reserved 1067008K
  class space    used 2584K, capacity 2787K, committed 2816K, reserved 1048576K
}
Event: 27.273 GC heap before
{Heap before GC invocations=19 (full 0):
 PSYoungGen      total 20992K, used 16032K [0x00000007aab00000, 0x00000007ac480000, 0x00000007c0000000)
  eden space 15872K, 100% used [0x00000007aab00000,0x00000007aba80000,0x00000007aba80000)
  from space 5120K, 3% used [0x00000007abf80000,0x00000007abfa8000,0x00000007ac480000)
  to   space 5120K, 0% used [0x00000007aba80000,0x00000007aba80000,0x00000007abf80000)
 ParOldGen       total 44032K, used 7771K [0x0000000780000000, 0x0000000782b00000, 0x00000007aab00000)
  object space 44032K, 17% used [0x0000000780000000,0x0000000780796f38,0x0000000782b00000)
 Metaspace       used 18616K, capacity 19390K, committed 19456K, reserved 1067008K
  class space    used 2586K, capacity 2787K, committed 2816K, reserved 1048576K
Event: 27.274 GC heap after
Heap after GC invocations=19 (full 0):
 PSYoungGen      total 16384K, used 192K [0x00000007aab00000, 0x00000007ac380000, 0x00000007c0000000)
  eden space 15872K, 0% used [0x00000007aab00000,0x00000007aab00000,0x00000007aba80000)
  from space 512K, 37% used [0x00000007aba80000,0x00000007abab0000,0x00000007abb00000)
  to   space 4608K, 0% used [0x00000007abf00000,0x00000007abf00000,0x00000007ac380000)
 ParOldGen       total 44032K, used 7843K [0x0000000780000000, 0x0000000782b00000, 0x00000007aab00000)
  object space 44032K, 17% used [0x0000000780000000,0x00000007807a8f38,0x0000000782b00000)
 Metaspace       used 18616K, capacity 19390K, committed 19456K, reserved 1067008K
  class space    used 2586K, capacity 2787K, committed 2816K, reserved 1048576K
}
Event: 28.082 GC heap before
{Heap before GC invocations=20 (full 0):
 PSYoungGen      total 16384K, used 16064K [0x00000007aab00000, 0x00000007ac380000, 0x00000007c0000000)
  eden space 15872K, 100% used [0x00000007aab00000,0x00000007aba80000,0x00000007aba80000)
  from space 512K, 37% used [0x00000007aba80000,0x00000007abab0000,0x00000007abb00000)
  to   space 4608K, 0% used [0x00000007abf00000,0x00000007abf00000,0x00000007ac380000)
 ParOldGen       total 44032K, used 7843K [0x0000000780000000, 0x0000000782b00000, 0x00000007aab00000)
  object space 44032K, 17% used [0x0000000780000000,0x00000007807a8f38,0x0000000782b00000)
 Metaspace       used 18648K, capacity 19396K, committed 19456K, reserved 1067008K
  class space    used 2586K, capacity 2788K, committed 2816K, reserved 1048576K
Event: 28.083 GC heap after
Heap after GC invocations=20 (full 0):
 PSYoungGen      total 20480K, used 160K [0x00000007aab00000, 0x00000007ac380000, 0x00000007c0000000)
  eden space 15872K, 0% used [0x00000007aab00000,0x00000007aab00000,0x00000007aba80000)
  from space 4608K, 3% used [0x00000007abf00000,0x00000007abf28000,0x00000007ac380000)
  to   space 4608K, 0% used [0x00000007aba80000,0x00000007aba80000,0x00000007abf00000)
 ParOldGen       total 44032K, used 7907K [0x0000000780000000, 0x0000000782b00000, 0x00000007aab00000)
  object space 44032K, 17% used [0x0000000780000000,0x00000007807b8f38,0x0000000782b00000)
 Metaspace       used 18648K, capacity 19396K, committed 19456K, reserved 1067008K
  class space    used 2586K, capacity 2788K, committed 2816K, reserved 1048576K
}

Deoptimization events (10 events):
Event: 2.888 Thread 0x00007fb6f499c000 Uncommon trap: reason=unstable_if action=reinterpret pc=0x000000011883a374 method=jdk.internal.org.objectweb.asm.Type.getArgumentsAndReturnSizes(Ljava/lang/String;)I @ 47
Event: 8.804 Thread 0x00007fb6f499c000 Uncommon trap: reason=class_check action=maybe_recompile pc=0x0000000118ac5788 method=javafx.scene.Node$MiscProperties.getClip()Ljavafx/scene/Node; @ 20
Event: 8.804 Thread 0x00007fb6f499c000 Uncommon trap: reason=class_check action=maybe_recompile pc=0x0000000118ac5788 method=javafx.scene.Node$MiscProperties.getClip()Ljavafx/scene/Node; @ 20
Event: 8.811 Thread 0x00007fb6f524e000 Uncommon trap: reason=unstable_if action=reinterpret pc=0x0000000118a281d4 method=java.lang.Math.round(F)I @ 23
Event: 8.878 Thread 0x00007fb6f499c000 Uncommon trap: reason=class_check action=maybe_recompile pc=0x0000000118ac5788 method=javafx.scene.Node$MiscProperties.getClip()Ljavafx/scene/Node; @ 20
Event: 8.878 Thread 0x00007fb6f499c000 Uncommon trap: reason=class_check action=maybe_recompile pc=0x0000000118ac5788 method=javafx.scene.Node$MiscProperties.getClip()Ljavafx/scene/Node; @ 20
Event: 9.019 Thread 0x00007fb6f524e000 Uncommon trap: reason=unstable_if action=reinterpret pc=0x0000000118ae1118 method=com.sun.javafx.geom.transform.AffineBase.updateState2D()V @ 6
Event: 9.019 Thread 0x00007fb6f524e000 Uncommon trap: reason=unstable_if action=reinterpret pc=0x0000000118a78950 method=com.sun.javafx.geom.transform.AffineBase.updateState2D()V @ 6
Event: 9.019 Thread 0x00007fb6f524e000 Uncommon trap: reason=unstable_if action=reinterpret pc=0x0000000118af0f40 method=com.sun.javafx.geom.transform.AffineBase.updateState2D()V @ 6
Event: 25.043 Thread 0x00007fb6f43ed800 Uncommon trap: reason=unstable_if action=reinterpret pc=0x0000000118cc521c method=java.util.concurrent.locks.ReentrantLock$Sync.nonfairTryAcquire(I)Z @ 10

Internal exceptions (10 events):
Event: 26.972 Thread 0x00007fb6f499c000 Exception <a 'java/lang/RuntimeException'> (0x00000007ab15ba08) thrown at [/Users/java_re/workspace/8-2-build-macosx-x86_64/jdk8u91/6644/hotspot/src/share/vm/prims/jvm.cpp, line 1390]
Event: 27.080 Thread 0x00007fb6f499c000 Exception <a 'java/lang/NullPointerException'> (0x00000007ab407050) thrown at [/Users/java_re/workspace/8-2-build-macosx-x86_64/jdk8u91/6644/hotspot/src/share/vm/interpreter/linkResolver.cpp, line 1280]
Event: 27.206 Thread 0x00007fb6f499c000 Exception <a 'java/lang/reflect/InvocationTargetException'> (0x00000007ab8669e0) thrown at [/Users/java_re/workspace/8-2-build-macosx-x86_64/jdk8u91/6644/hotspot/src/share/vm/runtime/reflection.cpp, line 1092]
Event: 27.206 Thread 0x00007fb6f499c000 Exception <a 'java/lang/RuntimeException'> (0x00000007ab8671d0) thrown at [/Users/java_re/workspace/8-2-build-macosx-x86_64/jdk8u91/6644/hotspot/src/share/vm/prims/jvm.cpp, line 1390]
Event: 27.268 Thread 0x00007fb6f499c000 Exception <a 'java/lang/NullPointerException'> (0x00000007ab9f9450) thrown at [/Users/java_re/workspace/8-2-build-macosx-x86_64/jdk8u91/6644/hotspot/src/share/vm/interpreter/linkResolver.cpp, line 1280]
Event: 27.376 Thread 0x00007fb6f499c000 Exception <a 'java/lang/reflect/InvocationTargetException'> (0x00000007aae12a60) thrown at [/Users/java_re/workspace/8-2-build-macosx-x86_64/jdk8u91/6644/hotspot/src/share/vm/runtime/reflection.cpp, line 1092]
Event: 27.377 Thread 0x00007fb6f499c000 Exception <a 'java/lang/RuntimeException'> (0x00000007aae1b1e0) thrown at [/Users/java_re/workspace/8-2-build-macosx-x86_64/jdk8u91/6644/hotspot/src/share/vm/prims/jvm.cpp, line 1390]
Event: 27.466 Thread 0x00007fb6f499c000 Exception <a 'java/lang/NullPointerException'> (0x00000007aaf448b8) thrown at [/Users/java_re/workspace/8-2-build-macosx-x86_64/jdk8u91/6644/hotspot/src/share/vm/interpreter/linkResolver.cpp, line 1280]
Event: 27.524 Thread 0x00007fb6f499c000 Exception <a 'java/lang/reflect/InvocationTargetException'> (0x00000007ab42c550) thrown at [/Users/java_re/workspace/8-2-build-macosx-x86_64/jdk8u91/6644/hotspot/src/share/vm/runtime/reflection.cpp, line 1092]
Event: 27.525 Thread 0x00007fb6f499c000 Exception <a 'java/lang/RuntimeException'> (0x00000007ab42cd40) thrown at [/Users/java_re/workspace/8-2-build-macosx-x86_64/jdk8u91/6644/hotspot/src/share/vm/prims/jvm.cpp, line 1390]

Events (10 events):
Event: 28.108 Thread 0x00007fb6f5267800 Thread exited: 0x00007fb6f5267800
Event: 28.108 Thread 0x00007fb6f5267800 Thread added: 0x00007fb6f5267800
Event: 28.108 Thread 0x00007fb6f5267800 Thread exited: 0x00007fb6f5267800
Event: 28.108 Thread 0x00007fb6f5267800 Thread added: 0x00007fb6f5267800
Event: 28.108 Thread 0x00007fb6f5267800 Thread exited: 0x00007fb6f5267800
Event: 28.108 Thread 0x00007fb6f5267800 Thread added: 0x00007fb6f5267800
Event: 28.108 Thread 0x00007fb6f5267800 Thread exited: 0x00007fb6f5267800
Event: 28.108 Thread 0x00007fb6f5267800 Thread added: 0x00007fb6f5267800
Event: 28.108 Thread 0x00007fb6f5267800 Thread exited: 0x00007fb6f5267800
Event: 28.112 Thread 0x00007fb6f5267800 Thread added: 0x00007fb6f5267800


Dynamic libraries:
0x000000001efad000 	/System/Library/Frameworks/Cocoa.framework/Versions/A/Cocoa
0x000000001efad000 	/System/Library/Frameworks/Security.framework/Versions/A/Security
0x000000001efad000 	/System/Library/Frameworks/ApplicationServices.framework/Versions/A/ApplicationServices
0x000000001efad000 	/usr/lib/libz.1.dylib
0x000000001efad000 	/usr/lib/libSystem.B.dylib
0x000000001efad000 	/usr/lib/libobjc.A.dylib
0x000000001efad000 	/System/Library/Frameworks/CoreFoundation.framework/Versions/A/CoreFoundation
0x000000001efad000 	/System/Library/Frameworks/Foundation.framework/Versions/C/Foundation
0x000000001efad000 	/System/Library/Frameworks/AppKit.framework/Versions/C/AppKit
0x000000001efad000 	/System/Library/Frameworks/CoreData.framework/Versions/A/CoreData
0x000000001efad000 	/System/Library/PrivateFrameworks/RemoteViewServices.framework/Versions/A/RemoteViewServices
0x000000001efad000 	/System/Library/PrivateFrameworks/UIFoundation.framework/Versions/A/UIFoundation
0x000000001efad000 	/System/Library/PrivateFrameworks/DFRFoundation.framework/Versions/A/DFRFoundation
0x000000001efad000 	/usr/lib/libenergytrace.dylib
0x000000001efad000 	/System/Library/PrivateFrameworks/SkyLight.framework/Versions/A/SkyLight
0x000000001efad000 	/System/Library/Frameworks/CoreGraphics.framework/Versions/A/CoreGraphics
0x000000001efad000 	/usr/lib/libScreenReader.dylib
0x000000001efad000 	/System/Library/Frameworks/Accelerate.framework/Versions/A/Accelerate
0x000000001efad000 	/System/Library/Frameworks/IOSurface.framework/Versions/A/IOSurface
0x000000001efad000 	/System/Library/Frameworks/AudioToolbox.framework/Versions/A/AudioToolbox
0x000000001efad000 	/System/Library/Frameworks/AudioUnit.framework/Versions/A/AudioUnit
0x000000001efad000 	/System/Library/PrivateFrameworks/DataDetectorsCore.framework/Versions/A/DataDetectorsCore
0x000000001efad000 	/System/Library/PrivateFrameworks/DesktopServicesPriv.framework/Versions/A/DesktopServicesPriv
0x000000001efad000 	/System/Library/Frameworks/Carbon.framework/Versions/A/Frameworks/HIToolbox.framework/Versions/A/HIToolbox
0x000000001efad000 	/usr/lib/libicucore.A.dylib
0x000000001efad000 	/System/Library/Frameworks/QuartzCore.framework/Versions/A/QuartzCore
0x000000001efad000 	/System/Library/Frameworks/Carbon.framework/Versions/A/Frameworks/SpeechRecognition.framework/Versions/A/SpeechRecognition
0x000000001efad000 	/usr/lib/libauto.dylib
0x000000001efad000 	/usr/lib/libxml2.2.dylib
0x000000001efad000 	/System/Library/PrivateFrameworks/CoreUI.framework/Versions/A/CoreUI
0x000000001efad000 	/System/Library/Frameworks/CoreAudio.framework/Versions/A/CoreAudio
0x000000001efad000 	/System/Library/Frameworks/DiskArbitration.framework/Versions/A/DiskArbitration
0x000000001efad000 	/usr/lib/liblangid.dylib
0x000000001efad000 	/System/Library/PrivateFrameworks/MultitouchSupport.framework/Versions/A/MultitouchSupport
0x000000001efad000 	/System/Library/Frameworks/IOKit.framework/Versions/A/IOKit
0x000000001efad000 	/usr/lib/libDiagnosticMessagesClient.dylib
0x000000001efad000 	/System/Library/Frameworks/CoreServices.framework/Versions/A/CoreServices
0x000000001efad000 	/System/Library/PrivateFrameworks/PerformanceAnalysis.framework/Versions/A/PerformanceAnalysis
0x000000001efad000 	/System/Library/PrivateFrameworks/GenerationalStorage.framework/Versions/A/GenerationalStorage
0x000000001efad000 	/System/Library/Frameworks/OpenGL.framework/Versions/A/OpenGL
0x000000001efad000 	/System/Library/Frameworks/CoreImage.framework/Versions/A/CoreImage
0x000000001efad000 	/System/Library/Frameworks/CoreText.framework/Versions/A/CoreText
0x000000001efad000 	/System/Library/Frameworks/ImageIO.framework/Versions/A/ImageIO
0x000000001efad000 	/System/Library/PrivateFrameworks/Backup.framework/Versions/A/Backup
0x000000001efad000 	/usr/lib/libarchive.2.dylib
0x000000001efad000 	/System/Library/Frameworks/CFNetwork.framework/Versions/A/CFNetwork
0x000000001efad000 	/System/Library/Frameworks/SystemConfiguration.framework/Versions/A/SystemConfiguration
0x000000001efad000 	/usr/lib/libCRFSuite.dylib
0x000000001efad000 	/usr/lib/libc++.1.dylib
0x000000001efad000 	/usr/lib/libc++abi.dylib
0x000000001efad000 	/usr/lib/system/libcache.dylib
0x000000001efad000 	/usr/lib/system/libcommonCrypto.dylib
0x000000001efad000 	/usr/lib/system/libcompiler_rt.dylib
0x000000001efad000 	/usr/lib/system/libcopyfile.dylib
0x000000001efad000 	/usr/lib/system/libcorecrypto.dylib
0x000000001efad000 	/usr/lib/system/libdispatch.dylib
0x000000001efad000 	/usr/lib/system/libdyld.dylib
0x000000001efad000 	/usr/lib/system/libkeymgr.dylib
0x000000001efad000 	/usr/lib/system/liblaunch.dylib
0x000000001efad000 	/usr/lib/system/libmacho.dylib
0x000000001efad000 	/usr/lib/system/libquarantine.dylib
0x000000001efad000 	/usr/lib/system/libremovefile.dylib
0x000000001efad000 	/usr/lib/system/libsystem_asl.dylib
0x000000001efad000 	/usr/lib/system/libsystem_blocks.dylib
0x000000001efad000 	/usr/lib/system/libsystem_c.dylib
0x000000001efad000 	/usr/lib/system/libsystem_configuration.dylib
0x000000001efad000 	/usr/lib/system/libsystem_coreservices.dylib
0x000000001efad000 	/usr/lib/system/libsystem_coretls.dylib
0x000000001efad000 	/usr/lib/system/libsystem_dnssd.dylib
0x000000001efad000 	/usr/lib/system/libsystem_info.dylib
0x000000001efad000 	/usr/lib/system/libsystem_kernel.dylib
0x000000001efad000 	/usr/lib/system/libsystem_m.dylib
0x000000001efad000 	/usr/lib/system/libsystem_malloc.dylib
0x000000001efad000 	/usr/lib/system/libsystem_network.dylib
0x000000001efad000 	/usr/lib/system/libsystem_networkextension.dylib
0x000000001efad000 	/usr/lib/system/libsystem_notify.dylib
0x000000001efad000 	/usr/lib/system/libsystem_platform.dylib
0x000000001efad000 	/usr/lib/system/libsystem_pthread.dylib
0x000000001efad000 	/usr/lib/system/libsystem_sandbox.dylib
0x000000001efad000 	/usr/lib/system/libsystem_secinit.dylib
0x000000001efad000 	/usr/lib/system/libsystem_symptoms.dylib
0x000000001efad000 	/usr/lib/system/libsystem_trace.dylib
0x000000001efad000 	/usr/lib/system/libunwind.dylib
0x000000001efad000 	/usr/lib/system/libxpc.dylib
0x000000001efad000 	/usr/lib/libbsm.0.dylib
0x000000001efad000 	/usr/lib/system/libkxld.dylib
0x000000001efad000 	/usr/lib/libcoretls.dylib
0x000000001efad000 	/usr/lib/libcoretls_cfhelpers.dylib
0x000000001efad000 	/usr/lib/libxar.1.dylib
0x000000001efad000 	/usr/lib/libsqlite3.dylib
0x000000001efad000 	/usr/lib/libpam.2.dylib
0x000000001efad000 	/usr/lib/libOpenScriptingUtil.dylib
0x000000001efad000 	/usr/lib/libbz2.1.0.dylib
0x000000001efad000 	/usr/lib/liblzma.5.dylib
0x000000001efad000 	/usr/lib/libnetwork.dylib
0x000000001efad000 	/usr/lib/libpcap.A.dylib
0x000000001efad000 	/System/Library/Frameworks/CoreServices.framework/Versions/A/Frameworks/FSEvents.framework/Versions/A/FSEvents
0x000000001efad000 	/System/Library/Frameworks/CoreServices.framework/Versions/A/Frameworks/CarbonCore.framework/Versions/A/CarbonCore
0x000000001efad000 	/System/Library/Frameworks/CoreServices.framework/Versions/A/Frameworks/Metadata.framework/Versions/A/Metadata
0x000000001efad000 	/System/Library/Frameworks/CoreServices.framework/Versions/A/Frameworks/OSServices.framework/Versions/A/OSServices
0x000000001efad000 	/System/Library/Frameworks/CoreServices.framework/Versions/A/Frameworks/SearchKit.framework/Versions/A/SearchKit
0x000000001efad000 	/System/Library/Frameworks/CoreServices.framework/Versions/A/Frameworks/AE.framework/Versions/A/AE
0x000000001efad000 	/System/Library/Frameworks/CoreServices.framework/Versions/A/Frameworks/LaunchServices.framework/Versions/A/LaunchServices
0x000000001efad000 	/System/Library/Frameworks/CoreServices.framework/Versions/A/Frameworks/DictionaryServices.framework/Versions/A/DictionaryServices
0x000000001efad000 	/System/Library/Frameworks/CoreServices.framework/Versions/A/Frameworks/SharedFileList.framework/Versions/A/SharedFileList
0x000000001efad000 	/System/Library/Frameworks/NetFS.framework/Versions/A/NetFS
0x000000001efad000 	/System/Library/PrivateFrameworks/NetAuth.framework/Versions/A/NetAuth
0x000000001efad000 	/System/Library/PrivateFrameworks/login.framework/Versions/A/Frameworks/loginsupport.framework/Versions/A/loginsupport
0x000000001efad000 	/System/Library/PrivateFrameworks/TCC.framework/Versions/A/TCC
0x000000001efad000 	/usr/lib/libmecabra.dylib
0x000000001efad000 	/System/Library/Frameworks/ApplicationServices.framework/Versions/A/Frameworks/ATS.framework/Versions/A/ATS
0x000000001efad000 	/System/Library/Frameworks/ApplicationServices.framework/Versions/A/Frameworks/ColorSync.framework/Versions/A/ColorSync
0x000000001efad000 	/System/Library/Frameworks/ApplicationServices.framework/Versions/A/Frameworks/HIServices.framework/Versions/A/HIServices
0x000000001efad000 	/System/Library/Frameworks/ApplicationServices.framework/Versions/A/Frameworks/LangAnalysis.framework/Versions/A/LangAnalysis
0x000000001efad000 	/System/Library/Frameworks/ApplicationServices.framework/Versions/A/Frameworks/PrintCore.framework/Versions/A/PrintCore
0x000000001efad000 	/System/Library/Frameworks/ApplicationServices.framework/Versions/A/Frameworks/QD.framework/Versions/A/QD
0x000000001efad000 	/System/Library/Frameworks/ApplicationServices.framework/Versions/A/Frameworks/SpeechSynthesis.framework/Versions/A/SpeechSynthesis
0x000000001efad000 	/System/Library/Frameworks/Accelerate.framework/Versions/A/Frameworks/vImage.framework/Versions/A/vImage
0x000000001efad000 	/System/Library/Frameworks/Accelerate.framework/Versions/A/Frameworks/vecLib.framework/Versions/A/vecLib
0x000000001efad000 	/System/Library/Frameworks/Accelerate.framework/Versions/A/Frameworks/vecLib.framework/Versions/A/libvDSP.dylib
0x000000001efad000 	/System/Library/Frameworks/Accelerate.framework/Versions/A/Frameworks/vecLib.framework/Versions/A/libBNNS.dylib
0x000000001efad000 	/System/Library/Frameworks/Accelerate.framework/Versions/A/Frameworks/vecLib.framework/Versions/A/libQuadrature.dylib
0x000000001efad000 	/System/Library/Frameworks/Accelerate.framework/Versions/A/Frameworks/vecLib.framework/Versions/A/libvMisc.dylib
0x000000001efad000 	/System/Library/Frameworks/Accelerate.framework/Versions/A/Frameworks/vecLib.framework/Versions/A/libLAPACK.dylib
0x000000001efad000 	/System/Library/Frameworks/Accelerate.framework/Versions/A/Frameworks/vecLib.framework/Versions/A/libBLAS.dylib
0x000000001efad000 	/System/Library/Frameworks/Accelerate.framework/Versions/A/Frameworks/vecLib.framework/Versions/A/libLinearAlgebra.dylib
0x000000001efad000 	/System/Library/Frameworks/Accelerate.framework/Versions/A/Frameworks/vecLib.framework/Versions/A/libSparseBLAS.dylib
0x000000001efad000 	/System/Library/Frameworks/ApplicationServices.framework/Versions/A/Frameworks/ATS.framework/Versions/A/Resources/libFontParser.dylib
0x000000001efad000 	/System/Library/Frameworks/ApplicationServices.framework/Versions/A/Frameworks/ATS.framework/Versions/A/Resources/libFontRegistry.dylib
0x000000001efad000 	/System/Library/Frameworks/ImageIO.framework/Versions/A/Resources/libJPEG.dylib
0x000000001efad000 	/System/Library/Frameworks/ImageIO.framework/Versions/A/Resources/libTIFF.dylib
0x000000001efad000 	/System/Library/Frameworks/ImageIO.framework/Versions/A/Resources/libPng.dylib
0x000000001efad000 	/System/Library/Frameworks/ImageIO.framework/Versions/A/Resources/libGIF.dylib
0x000000001efad000 	/System/Library/Frameworks/ImageIO.framework/Versions/A/Resources/libJP2.dylib
0x000000001efad000 	/System/Library/Frameworks/ImageIO.framework/Versions/A/Resources/libRadiance.dylib
0x000000001efad000 	/usr/lib/libcompression.dylib
0x000000001efad000 	/System/Library/PrivateFrameworks/AppleJPEG.framework/Versions/A/AppleJPEG
0x000000001efad000 	/usr/lib/libcups.2.dylib
0x000000001efad000 	/System/Library/Frameworks/Kerberos.framework/Versions/A/Kerberos
0x000000001efad000 	/System/Library/Frameworks/GSS.framework/Versions/A/GSS
0x000000001efad000 	/usr/lib/libresolv.9.dylib
0x000000001efad000 	/usr/lib/libiconv.2.dylib
0x000000001efad000 	/System/Library/PrivateFrameworks/Heimdal.framework/Versions/A/Heimdal
0x000000001efad000 	/usr/lib/libheimdal-asn1.dylib
0x000000001efad000 	/System/Library/Frameworks/OpenDirectory.framework/Versions/A/OpenDirectory
0x000000001efad000 	/System/Library/PrivateFrameworks/CommonAuth.framework/Versions/A/CommonAuth
0x000000001efad000 	/System/Library/Frameworks/OpenDirectory.framework/Versions/A/Frameworks/CFOpenDirectory.framework/Versions/A/CFOpenDirectory
0x000000001efad000 	/System/Library/Frameworks/SecurityFoundation.framework/Versions/A/SecurityFoundation
0x000000001efad000 	/System/Library/PrivateFrameworks/LanguageModeling.framework/Versions/A/LanguageModeling
0x000000001efad000 	/usr/lib/libmarisa.dylib
0x000000001efad000 	/usr/lib/libChineseTokenizer.dylib
0x000000001efad000 	/usr/lib/libcmph.dylib
0x000000001efad000 	/System/Library/PrivateFrameworks/CoreEmoji.framework/Versions/A/CoreEmoji
0x000000001efad000 	/System/Library/Frameworks/ServiceManagement.framework/Versions/A/ServiceManagement
0x000000001efad000 	/usr/lib/libxslt.1.dylib
0x000000001efad000 	/System/Library/Frameworks/Carbon.framework/Versions/A/Frameworks/Ink.framework/Versions/A/Ink
0x000000001efad000 	/System/Library/PrivateFrameworks/TextureIO.framework/Versions/A/TextureIO
0x000000001efad000 	/System/Library/Frameworks/Metal.framework/Versions/A/Metal
0x000000001efad000 	/usr/lib/libate.dylib
0x000000001efad000 	/System/Library/PrivateFrameworks/GPUCompiler.framework/libmetal_timestamp.dylib
0x000000001efad000 	/System/Library/Frameworks/OpenGL.framework/Versions/A/Libraries/libCoreFSCache.dylib
0x000000001efad000 	/System/Library/PrivateFrameworks/IOAccelerator.framework/Versions/A/IOAccelerator
0x000000001efad000 	/System/Library/Frameworks/CoreVideo.framework/Versions/A/CoreVideo
0x000000001efad000 	/usr/lib/libFosl_dynamic.dylib
0x000000001efad000 	/System/Library/PrivateFrameworks/MetalPerformanceShaders.framework/Versions/A/MetalPerformanceShaders
0x000000001efad000 	/System/Library/PrivateFrameworks/FaceCore.framework/Versions/A/FaceCore
0x000000001efad000 	/System/Library/Frameworks/OpenCL.framework/Versions/A/OpenCL
0x000000001efad000 	/System/Library/Frameworks/OpenGL.framework/Versions/A/Libraries/libGLU.dylib
0x000000001efad000 	/System/Library/Frameworks/OpenGL.framework/Versions/A/Libraries/libGFXShared.dylib
0x000000001efad000 	/System/Library/Frameworks/OpenGL.framework/Versions/A/Libraries/libGL.dylib
0x000000001efad000 	/System/Library/Frameworks/OpenGL.framework/Versions/A/Libraries/libGLImage.dylib
0x000000001efad000 	/System/Library/Frameworks/OpenGL.framework/Versions/A/Libraries/libCVMSPluginSupport.dylib
0x000000001efad000 	/System/Library/Frameworks/OpenGL.framework/Versions/A/Libraries/libCoreVMClient.dylib
0x000000001efad000 	/System/Library/PrivateFrameworks/CrashReporterSupport.framework/Versions/A/CrashReporterSupport
0x000000001efad000 	/System/Library/PrivateFrameworks/Sharing.framework/Versions/A/Sharing
0x000000001efad000 	/System/Library/PrivateFrameworks/IconServices.framework/Versions/A/IconServices
0x000000001efad000 	/System/Library/PrivateFrameworks/ProtocolBuffer.framework/Versions/A/ProtocolBuffer
0x000000001efad000 	/System/Library/PrivateFrameworks/Apple80211.framework/Versions/A/Apple80211
0x000000001efad000 	/System/Library/Frameworks/CoreWLAN.framework/Versions/A/CoreWLAN
0x000000001efad000 	/System/Library/PrivateFrameworks/CoreUtils.framework/Versions/A/CoreUtils
0x000000001efad000 	/System/Library/Frameworks/IOBluetooth.framework/Versions/A/IOBluetooth
0x000000001efad000 	/System/Library/PrivateFrameworks/CoreWiFi.framework/Versions/A/CoreWiFi
0x000000001efad000 	/System/Library/Frameworks/CoreBluetooth.framework/Versions/A/CoreBluetooth
0x000000001efad000 	/System/Library/Frameworks/CoreDisplay.framework/Versions/A/CoreDisplay
0x000000001efad000 	/System/Library/PrivateFrameworks/IOPresentment.framework/Versions/A/IOPresentment
0x000000001efad000 	/System/Library/PrivateFrameworks/DebugSymbols.framework/Versions/A/DebugSymbols
0x000000001efad000 	/System/Library/PrivateFrameworks/CoreSymbolication.framework/Versions/A/CoreSymbolication
0x000000001efad000 	/System/Library/PrivateFrameworks/Symbolication.framework/Versions/A/Symbolication
0x000000001efad000 	/System/Library/PrivateFrameworks/AppleFSCompression.framework/Versions/A/AppleFSCompression
0x000000001efad000 	/System/Library/PrivateFrameworks/SpeechRecognitionCore.framework/Versions/A/SpeechRecognitionCore
0x000000001efad000 	/System/Library/PrivateFrameworks/ChunkingLibrary.framework/Versions/A/ChunkingLibrary
0x000000010aa00000 	/Library/Java/JavaVirtualMachines/jdk1.8.0_91.jdk/Contents/Home/jre/lib/server/libjvm.dylib
0x000000001efad000 	/usr/lib/libstdc++.6.dylib
0x000000010a190000 	/Library/Java/JavaVirtualMachines/jdk1.8.0_91.jdk/Contents/Home/jre/lib/libverify.dylib
0x000000010a19e000 	/Library/Java/JavaVirtualMachines/jdk1.8.0_91.jdk/Contents/Home/jre/lib/libjava.dylib
0x000000010a1d4000 	/Library/Java/JavaVirtualMachines/jdk1.8.0_91.jdk/Contents/Home/jre/lib/libinstrument.dylib
0x000000010b9cd000 	/Library/Java/JavaVirtualMachines/jdk1.8.0_91.jdk/Contents/Home/jre/lib/libzip.dylib
0x000000010fda7000 	/System/Library/Frameworks/JavaVM.framework/Frameworks/JavaRuntimeSupport.framework/JavaRuntimeSupport
0x000000010fdc1000 	/System/Library/Frameworks/JavaVM.framework/Versions/A/Frameworks/JavaNativeFoundation.framework/Versions/A/JavaNativeFoundation
0x000000010fdd6000 	/System/Library/Frameworks/JavaVM.framework/Versions/A/JavaVM
0x000000001efad000 	/System/Library/Frameworks/Carbon.framework/Versions/A/Carbon
0x000000010fde3000 	/System/Library/PrivateFrameworks/JavaLaunching.framework/Versions/A/JavaLaunching
0x000000001efad000 	/System/Library/Frameworks/Carbon.framework/Versions/A/Frameworks/CommonPanels.framework/Versions/A/CommonPanels
0x000000001efad000 	/System/Library/Frameworks/Carbon.framework/Versions/A/Frameworks/Help.framework/Versions/A/Help
0x000000001efad000 	/System/Library/Frameworks/Carbon.framework/Versions/A/Frameworks/ImageCapture.framework/Versions/A/ImageCapture
0x000000001efad000 	/System/Library/Frameworks/Carbon.framework/Versions/A/Frameworks/OpenScripting.framework/Versions/A/OpenScripting
0x000000001efad000 	/System/Library/Frameworks/Carbon.framework/Versions/A/Frameworks/Print.framework/Versions/A/Print
0x000000001efad000 	/System/Library/Frameworks/Carbon.framework/Versions/A/Frameworks/SecurityHI.framework/Versions/A/SecurityHI
0x0000000111863000 	/Library/Java/JavaVirtualMachines/jdk1.8.0_91.jdk/Contents/Home/jre/lib/libnet.dylib
0x0000000111958000 	/Library/Java/JavaVirtualMachines/jdk1.8.0_91.jdk/Contents/Home/jre/lib/libprism_es2.dylib
0x000000001efad000 	/System/Library/Frameworks/OpenGL.framework/Versions/A/Resources/GLEngine.bundle/GLEngine
0x000000001efad000 	/System/Library/Frameworks/OpenGL.framework/Versions/A/Libraries/libGLProgrammability.dylib
0x00000001119be000 	/System/Library/Extensions/AppleIntelBDWGraphicsGLDriver.bundle/Contents/MacOS/AppleIntelBDWGraphicsGLDriver
0x000000001efad000 	/System/Library/PrivateFrameworks/GPUSupport.framework/Versions/A/Libraries/libGPUSupportMercury.dylib
0x000000001efad000 	/System/Library/Frameworks/OpenGL.framework/Versions/A/Resources/GLRendererFloat.bundle/GLRendererFloat
0x000000001efad000 	/System/Library/Frameworks/OpenCL.framework/Versions/A/Libraries/libcldcpuengine.dylib
0x000000001efad000 	/usr/lib/libcrypto.0.9.8.dylib
0x000000001efad000 	/System/Library/PrivateFrameworks/TrustEvaluationAgent.framework/Versions/A/TrustEvaluationAgent
0x000000011250c000 	/Library/Java/JavaVirtualMachines/jdk1.8.0_91.jdk/Contents/Home/jre/lib/libglass.dylib
0x000000001efad000 	/System/Library/PrivateFrameworks/CoreServicesInternal.framework/Versions/A/CoreServicesInternal
0x000000001efad000 	/System/Library/CoreServices/RawCamera.bundle/Contents/MacOS/RawCamera
0x000000001efad000 	/System/Library/Frameworks/Accelerate.framework/Versions/A/Frameworks/vImage.framework/Versions/A/Libraries/libCGInterfaces.dylib
0x000000001efad000 	/System/Library/PrivateFrameworks/FamilyControls.framework/Versions/A/FamilyControls
0x000000001efad000 	/System/Library/PrivateFrameworks/CommerceKit.framework/Versions/A/Frameworks/CommerceCore.framework/Versions/A/CommerceCore
0x000000001efad000 	/System/Library/PrivateFrameworks/SystemAdministration.framework/Versions/A/SystemAdministration
0x000000001efad000 	/System/Library/PrivateFrameworks/AppContainer.framework/Versions/A/AppContainer
0x000000001efad000 	/System/Library/PrivateFrameworks/SecCodeWrapper.framework/Versions/A/SecCodeWrapper
0x000000001efad000 	/System/Library/Frameworks/DirectoryService.framework/Versions/A/DirectoryService
0x000000001efad000 	/System/Library/PrivateFrameworks/DiskImages.framework/Versions/A/DiskImages
0x000000001efad000 	/System/Library/PrivateFrameworks/LoginUIKit.framework/Versions/A/Frameworks/LoginUICore.framework/Versions/A/LoginUICore
0x000000001efad000 	/usr/lib/libCoreStorage.dylib
0x000000001efad000 	/usr/lib/libcsfde.dylib
0x000000001efad000 	/usr/lib/libodfde.dylib
0x000000001efad000 	/System/Library/Frameworks/DiscRecording.framework/Versions/A/DiscRecording
0x000000001efad000 	/usr/lib/libcurl.4.dylib
0x000000001efad000 	/System/Library/PrivateFrameworks/MediaKit.framework/Versions/A/MediaKit
0x000000001efad000 	/System/Library/PrivateFrameworks/ProtectedCloudStorage.framework/Versions/A/ProtectedCloudStorage
0x000000001efad000 	/System/Library/PrivateFrameworks/EFILogin.framework/Versions/A/EFILogin
0x000000001efad000 	/usr/lib/libutil.dylib
0x000000001efad000 	/System/Library/Frameworks/LDAP.framework/Versions/A/LDAP
0x000000001efad000 	/usr/lib/libsasl2.2.dylib
0x000000001efad000 	/System/Library/PrivateFrameworks/CoreDaemon.framework/Versions/B/CoreDaemon
0x000000001efad000 	/System/Library/PrivateFrameworks/AppleSRP.framework/Versions/A/AppleSRP
0x000000001efad000 	/System/Library/PrivateFrameworks/APFS.framework/Versions/A/APFS
0x0000000112584000 	/Library/Java/JavaVirtualMachines/jdk1.8.0_91.jdk/Contents/Home/jre/lib/libjavafx_font.dylib
0x000000001efad000 	/System/Library/Frameworks/ApplicationServices.framework/Versions/A/Frameworks/ATS.framework/Versions/A/Resources/libTrueTypeScaler.dylib
0x0000000115956000 	/Library/Java/JavaVirtualMachines/jdk1.8.0_91.jdk/Contents/Home/jre/lib/libglib-lite.dylib
0x0000000115a77000 	/Library/Java/JavaVirtualMachines/jdk1.8.0_91.jdk/Contents/Home/jre/lib/libgstreamer-lite.dylib
0x0000000115bef000 	/Library/Java/JavaVirtualMachines/jdk1.8.0_91.jdk/Contents/Home/jre/lib/libjfxmedia.dylib
0x0000000115c2a000 	/Library/Java/JavaVirtualMachines/jdk1.8.0_91.jdk/Contents/Home/jre/lib/libjfxmedia_avf.dylib
0x000000001efad000 	/System/Library/Frameworks/AVFoundation.framework/Versions/A/AVFoundation
0x000000001efad000 	/System/Library/Frameworks/CoreMedia.framework/Versions/A/CoreMedia
0x000000001efad000 	/System/Library/Frameworks/MediaToolbox.framework/Versions/A/MediaToolbox
0x000000001efad000 	/System/Library/Frameworks/AVFoundation.framework/Versions/A/Frameworks/AVFAudio.framework/Versions/A/AVFAudio
0x000000001efad000 	/System/Library/Frameworks/VideoToolbox.framework/Versions/A/VideoToolbox
0x000000001efad000 	/System/Library/PrivateFrameworks/IntlPreferences.framework/Versions/A/IntlPreferences
0x000000001efad000 	/System/Library/Frameworks/CoreMediaIO.framework/Versions/A/CoreMediaIO
0x000000001efad000 	/usr/lib/libspindump.dylib
0x000000001efad000 	/usr/lib/libdscsym.dylib
0x000000001efad000 	/System/Library/PrivateFrameworks/CoreAVCHD.framework/Versions/A/CoreAVCHD
0x000000001efad000 	/System/Library/Frameworks/MediaAccessibility.framework/Versions/A/MediaAccessibility
0x000000001efad000 	/System/Library/PrivateFrameworks/Mangrove.framework/Versions/A/Mangrove
0x000000001efad000 	/System/Library/PrivateFrameworks/CoreAUC.framework/Versions/A/CoreAUC
0x000000001efad000 	/System/Library/PrivateFrameworks/AppleVA.framework/Versions/A/AppleVA
0x000000001efad000 	/System/Library/PrivateFrameworks/XPCService.framework/Versions/A/XPCService
0x000000001efad000 	/System/Library/PrivateFrameworks/AppSandbox.framework/Versions/A/AppSandbox
0x000000001efad000 	/usr/lib/libsandbox.1.dylib
0x000000001efad000 	/usr/lib/libMatch.1.dylib
0x00000001128e6000 	/Library/Java/JavaVirtualMachines/jdk1.8.0_91.jdk/Contents/Home/jre/lib/libjfxmedia_qtkit.dylib
0x000000001efad000 	/System/Library/Frameworks/QTKit.framework/Versions/A/QTKit
0x000000001efad000 	/System/Library/PrivateFrameworks/CoreMediaAuthoring.framework/Versions/A/CoreMediaAuthoring
0x0000000115c5f000 	/Library/Java/JavaVirtualMachines/jdk1.8.0_91.jdk/Contents/Home/jre/lib/libfxplugins.dylib
0x0000000115c8a000 	/System/Library/Frameworks/VideoDecodeAcceleration.framework/Versions/A/VideoDecodeAcceleration
0x0000000115c90000 	/Library/Java/JavaVirtualMachines/jdk1.8.0_91.jdk/Contents/Home/jre/lib/libnio.dylib
0x0000000115ca0000 	/System/Library/Extensions/AppleHDA.kext/Contents/PlugIns/AppleHDAHALPlugIn.bundle/Contents/MacOS/AppleHDAHALPlugIn
0x0000000115cd1000 	/System/Library/Components/CoreAudio.component/Contents/MacOS/CoreAudio
0x000000001efad000 	/System/Library/PrivateFrameworks/AppleGVA.framework/Versions/A/AppleGVA
0x00000001163ed000 	/System/Library/Extensions/AppleIntelBDWGraphicsVADriver.bundle/Contents/MacOS/AppleIntelBDWGraphicsVADriver
0x0000000116014000 	/System/Library/Extensions/AppleIntelBDWGraphicsVAME.bundle/Contents/MacOS/AppleIntelBDWGraphicsVAME
0x0000000116c96000 	/System/Library/Components/AudioCodecs.component/Contents/MacOS/AudioCodecs
0x0000000128ef6000 	/System/Library/Extensions/AppleIntelBDWGraphicsMTLDriver.bundle/Contents/MacOS/AppleIntelBDWGraphicsMTLDriver
0x000000001efad000 	/System/Library/PrivateFrameworks/ViewBridge.framework/Versions/A/ViewBridge
0x0000000129091000 	/Library/Java/JavaVirtualMachines/jdk1.8.0_91.jdk/Contents/Home/jre/lib/libprism_common.dylib

VM Arguments:
jvm_args: -javaagent:/Applications/IntelliJ IDEA.app/Contents/lib/idea_rt.jar=50614:/Applications/IntelliJ IDEA.app/Contents/bin -Dfile.encoding=UTF-8 
java_command: sample.Main
java_class_path (initial): /Library/Java/JavaVirtualMachines/jdk1.8.0_91.jdk/Contents/Home/jre/lib/charsets.jar:/Library/Java/JavaVirtualMachines/jdk1.8.0_91.jdk/Contents/Home/jre/lib/deploy.jar:/Library/Java/JavaVirtualMachines/jdk1.8.0_91.jdk/Contents/Home/jre/lib/ext/cldrdata.jar:/Library/Java/JavaVirtualMachines/jdk1.8.0_91.jdk/Contents/Home/jre/lib/ext/dnsns.jar:/Library/Java/JavaVirtualMachines/jdk1.8.0_91.jdk/Contents/Home/jre/lib/ext/jaccess.jar:/Library/Java/JavaVirtualMachines/jdk1.8.0_91.jdk/Contents/Home/jre/lib/ext/jfxrt.jar:/Library/Java/JavaVirtualMachines/jdk1.8.0_91.jdk/Contents/Home/jre/lib/ext/localedata.jar:/Library/Java/JavaVirtualMachines/jdk1.8.0_91.jdk/Contents/Home/jre/lib/ext/nashorn.jar:/Library/Java/JavaVirtualMachines/jdk1.8.0_91.jdk/Contents/Home/jre/lib/ext/sunec.jar:/Library/Java/JavaVirtualMachines/jdk1.8.0_91.jdk/Contents/Home/jre/lib/ext/sunjce_provider.jar:/Library/Java/JavaVirtualMachines/jdk1.8.0_91.jdk/Contents/Home/jre/lib/ext/sunpkcs11.jar:/Library/Java/JavaVirtualMachines/jdk1.8.0_91.jdk/Contents/Home/jre/lib/ext/zipfs.jar:/Library/Java/JavaVirtualMachines/jdk1.8.0_91.jdk/Contents/Home/jre/lib/javaws.jar:/Library/Java/JavaVirtualMachines/jdk1.8.0_91.jdk/Contents/Home/jre/lib/jce.jar:/Library/Java/JavaVirtualMachines/jdk1.8.0_91.jdk/Contents/Home/jre/lib/jfr.jar:/Library/Java/JavaVirtualMachines/jdk1.8.0_91.jdk/Contents/Home/jre/lib/jfxswt.jar:/Library/Java/JavaVirtualMachines/jdk1.8.0_91.jdk/Contents/Home/jre/lib/jsse.jar:/Library/Java/JavaVirtualMachines/jdk1.8.0_91.jdk/Contents/Home/jre/lib/management-agent.jar:/Library/Java/JavaVirtualMachines/jdk1.8.0_91.jdk/Contents/Home/jre/lib/plugin.jar:/Library/Java/JavaVirtualMachines/jdk1.8.0_91.jdk/Contents/Home/jre/lib/resources.jar:/Library/Java/JavaVirtualMachines/jdk1.8.0_91.jdk/Contents/Home/jre/lib/rt.jar:/Library/Java/JavaVirtualMachines/jdk1.8.0_91.jdk/Contents/Home/lib/ant-javafx.jar:/Library/Java/JavaVirtualMachines/jdk1.8.0_91.jdk/Contents/Home/lib/dt.jar:/Library/Ja
Launcher Type: SUN_STANDARD

Environment Variables:
PATH=/Users/deepakchauhan/.rvm/gems/ruby-2.4.0/bin:/Users/deepakchauhan/.rvm/gems/ruby-2.4.0@global/bin:/Users/deepakchauhan/.rvm/rubies/ruby-2.4.0/bin:/Users/deepakchauhan/.rbenv/shims:/usr/local/bin:/usr/bin:/bin:/usr/sbin:/sbin:/Users/deepakchauhan/.rvm/bin
SHELL=/bin/bash

Signal Handlers:
SIGSEGV: [libjvm.dylib+0x5a97a1], sa_mask[0]=11111111011111110111111111111111, sa_flags=SA_ONSTACK|SA_RESTART|SA_SIGINFO
SIGBUS: [libjvm.dylib+0x5a97a1], sa_mask[0]=11111111011111110111111111111111, sa_flags=SA_RESTART|SA_SIGINFO
SIGFPE: [libjvm.dylib+0x482594], sa_mask[0]=11111111011111110111111111111111, sa_flags=SA_RESTART|SA_SIGINFO
SIGPIPE: [libjvm.dylib+0x482594], sa_mask[0]=11111111011111110111111111111111, sa_flags=SA_RESTART|SA_SIGINFO
SIGXFSZ: [libjvm.dylib+0x482594], sa_mask[0]=11111111011111110111111111111111, sa_flags=SA_RESTART|SA_SIGINFO
SIGILL: [libjvm.dylib+0x482594], sa_mask[0]=11111111011111110111111111111111, sa_flags=SA_RESTART|SA_SIGINFO
SIGUSR1: SIG_DFL, sa_mask[0]=00000000000000000000000000000000, sa_flags=none
SIGUSR2: [libjvm.dylib+0x4820b2], sa_mask[0]=00100000000000000000000000000000, sa_flags=SA_RESTART|SA_SIGINFO
SIGHUP: [libjvm.dylib+0x480689], sa_mask[0]=11111111011111110111111111111111, sa_flags=SA_RESTART|SA_SIGINFO
SIGINT: [libjvm.dylib+0x480689], sa_mask[0]=11111111011111110111111111111111, sa_flags=SA_RESTART|SA_SIGINFO
SIGTERM: [libjvm.dylib+0x480689], sa_mask[0]=11111111011111110111111111111111, sa_flags=SA_RESTART|SA_SIGINFO
SIGQUIT: [libjvm.dylib+0x480689], sa_mask[0]=11111111011111110111111111111111, sa_flags=SA_RESTART|SA_SIGINFO


---------------  S Y S T E M  ---------------

OS:Bsduname:Darwin 16.3.0 Darwin Kernel Version 16.3.0: Thu Nov 17 20:23:58 PST 2016; root:xnu-3789.31.2~1/RELEASE_X86_64 x86_64
rlimit: STACK 8192k, CORE 0k, NPROC 709, NOFILE 10240, AS infinity
load average:9.07 5.99 4.13

CPU:total 4 (2 cores per cpu, 2 threads per core) family 6 model 61 stepping 4, cmov, cx8, fxsr, mmx, sse, sse2, sse3, ssse3, sse4.1, sse4.2, popcnt, avx, avx2, aes, clmul, erms, 3dnowpref, lzcnt, ht, tsc, tscinvbit, bmi1, bmi2, adx

Memory: 4k page, physical 4194304k(24704k free)

/proc/meminfo:


vm_info: Java HotSpot(TM) 64-Bit Server VM (25.91-b14) for bsd-amd64 JRE (1.8.0_91-b14), built on Apr  1 2016 01:03:00 by "java_re" with gcc 4.2.1 (Based on Apple Inc. build 5658) (LLVM build 2336.11.00)

time: Thu Apr 13 22:41:13 2017
elapsed time: 28 seconds (0d 0h 0m 28s)

