#
# A fatal error has been detected by the Java Runtime Environment:
#
#  SIGSEGV (0xb) at pc=0x000000011c26d85e, pid=2913, tid=185863
#
# JRE version: Java(TM) SE Runtime Environment (8.0_91-b14) (build 1.8.0_91-b14)
# Java VM: Java HotSpot(TM) 64-Bit Server VM (25.91-b14 mixed mode bsd-amd64 compressed oops)
# Problematic frame:
# C  [libjfxmedia_avf.dylib+0x785e]  AVFKernelComponent::ProcessBufferLists(unsigned int&, AudioBufferList const&, AudioBufferList&, unsigned int)+0x22
#
# Failed to write core dump. Core dumps have been disabled. To enable core dumping, try "ulimit -c unlimited" before starting Java again
#
# If you would like to submit a bug report, please visit:
#   http://bugreport.java.com/bugreport/crash.jsp
#

---------------  T H R E A D  ---------------

Current thread is native thread

siginfo: si_signo: 11 (SIGSEGV), si_code: 0 (unknown), si_addr: 0x0000000000000000

Registers:
RAX=0x500007fdce754dae, RBX=0x000070000da7ca54, RCX=0x00007fdce755df20, RDX=0x00007fdce755df50
RSP=0x000070000da7c7a0, RBP=0x000070000da7c7a0, RSI=0x000070000da7ca54, RDI=0x00007fdce753b770
R8 =0x0000000000001000, R9 =0x000070000da7c5b7, R10=0x000000011c288290, R11=0xffffffffffffffd0
R12=0x00007fdce755d800, R13=0x00007fdce755df50, R14=0x000000011c26d83c, R15=0x0000000000001000
RIP=0x000000011c26d85e, EFLAGS=0x0000000000010202, ERR=0x0000000000000000
  TRAPNO=0x000000000000000d

Top of Stack: (sp=0x000070000da7c7a0)
0x000070000da7c7a0:   000070000da7c800 000000011c276ab2
0x000070000da7c7b0:   0000000000000000 000070000da7ca54
0x000070000da7c7c0:   0000000000000000 0000000000000000
0x000070000da7c7d0:   0000000000000000 000070000da7ca54
0x000070000da7c7e0:   00007fdce755d800 00007fdce755db60
0x000070000da7c7f0:   00007fdce755e750 0000000000001000
0x000070000da7c800:   000070000da7c850 000000011c271369
0x000070000da7c810:   0000000000000000 000070000da7ca78
0x000070000da7c820:   0000000000000000 0000000000009fe0
0x000070000da7c830:   00007fdce755db60 00000000ffffffce
0x000070000da7c840:   0000000000001000 00007fdce755d800
0x000070000da7c850:   000070000da7c8c0 000000011c26f9a1
0x000070000da7c860:   00007fdce755e750 00009fe0932a9fed
0x000070000da7c870:   000070000da7ca54 000070000da7ca78
0x000070000da7c880:   000000000da7c8e0 00007fdce755e750
0x000070000da7c890:   00009fe000000000 00000000ffffffce
0x000070000da7c8a0:   000070000da7ca54 0000000000000000
0x000070000da7c8b0:   0000000000001000 000070000da7ca78
0x000070000da7c8c0:   000070000da7c8e0 000000011c273996
0x000070000da7c8d0:   00000000fffffffc 00007fdce755e230
0x000070000da7c8e0:   000070000da7c920 000000011c272777
0x000070000da7c8f0:   00007fdce755e230 000070000da7ca78
0x000070000da7c900:   00007fdce755dfc0 00000000ffffd584
0x000070000da7c910:   000070000da7ca54 0000000000001000
0x000070000da7c920:   000070000da7c980 000000011c2768f0
0x000070000da7c930:   0000000000000000 000070000da7ca54
0x000070000da7c940:   0000000000000000 0000000000000000
0x000070000da7c950:   0000000000000000 000070000da7ca54
0x000070000da7c960:   00007fdce755dfc0 00007fdce755e320
0x000070000da7c970:   00007fdce75747a8 0000000000001000
0x000070000da7c980:   000070000da7c9d0 000000011c271369
0x000070000da7c990:   0000000000000000 000070000da7ca78 

Instructions: (pc=0x000000011c26d85e)
0x000000011c26d83e:   89 e5 80 bf d0 01 00 00 00 74 06 5d e9 bf 92 00
0x000000011c26d84e:   00 48 8b bf d8 01 00 00 48 85 ff 74 0a 48 8b 07
0x000000011c26d85e:   48 8b 40 28 5d ff e0 31 c0 5d c3 90 55 48 89 e5
0x000000011c26d86e:   41 57 41 56 41 55 41 54 53 50 4d 89 c6 41 89 d5 

Register to memory mapping:

RAX=0x500007fdce754dae is an unknown value
RBX=0x000070000da7ca54 is an unknown value
RCX=0x00007fdce755df20 is an unknown value
RDX=0x00007fdce755df50 is an unknown value
RSP=0x000070000da7c7a0 is an unknown value
RBP=0x000070000da7c7a0 is an unknown value
RSI=0x000070000da7ca54 is an unknown value
RDI=0x00007fdce753b770 is an unknown value
R8 =0x0000000000001000 is an unknown value
R9 =0x000070000da7c5b7 is an unknown value
R10=0x000000011c288290: _ZTV18AVFEqualizerKernel+0x10 in /Library/Java/JavaVirtualMachines/jdk1.8.0_91.jdk/Contents/Home/jre/lib/libjfxmedia_avf.dylib at 0x000000011c266000
R11=0xffffffffffffffd0 is an unknown value
R12=0x00007fdce755d800 is an unknown value
R13=0x00007fdce755df50 is an unknown value
R14=0x000000011c26d83c: _ZN18AVFKernelComponent18ProcessBufferListsERjRK15AudioBufferListRS1_j+0 in /Library/Java/JavaVirtualMachines/jdk1.8.0_91.jdk/Contents/Home/jre/lib/libjfxmedia_avf.dylib at 0x000000011c266000
R15=0x0000000000001000 is an unknown value


Stack: [0x000070000d9fd000,0x000070000da7d000],  sp=0x000070000da7c7a0,  free space=509k
Native frames: (J=compiled Java code, j=interpreted, Vv=VM code, C=native code)
C  [libjfxmedia_avf.dylib+0x785e]  AVFKernelComponent::ProcessBufferLists(unsigned int&, AudioBufferList const&, AudioBufferList&, unsigned int)+0x22
C  [libjfxmedia_avf.dylib+0x10ab2]  AUEffectBase::Render(unsigned int&, AudioTimeStamp const&, unsigned int)+0x240
C  [libjfxmedia_avf.dylib+0xb369]  AUBase::DoRenderBus(unsigned int&, AudioTimeStamp const&, unsigned int, AUOutputElement*, unsigned int, AudioBufferList&)+0xa9
C  [libjfxmedia_avf.dylib+0x99a1]  AUBase::DoRender(unsigned int&, AudioTimeStamp const&, unsigned int, unsigned int, AudioBufferList&)+0x1b9
C  [libjfxmedia_avf.dylib+0xd996]  AUMethodRender(void*, unsigned int*, AudioTimeStamp const*, unsigned int, unsigned int, AudioBufferList*)+0x2e
C  [libjfxmedia_avf.dylib+0xc777]  AUInputElement::PullInput(unsigned int&, AudioTimeStamp const&, unsigned int, unsigned int)+0x8d
C  [libjfxmedia_avf.dylib+0x108f0]  AUEffectBase::Render(unsigned int&, AudioTimeStamp const&, unsigned int)+0x7e
C  [libjfxmedia_avf.dylib+0xb369]  AUBase::DoRenderBus(unsigned int&, AudioTimeStamp const&, unsigned int, AUOutputElement*, unsigned int, AudioBufferList&)+0xa9
C  [libjfxmedia_avf.dylib+0x99a1]  AUBase::DoRender(unsigned int&, AudioTimeStamp const&, unsigned int, unsigned int, AudioBufferList&)+0x1b9
C  [libjfxmedia_avf.dylib+0xd996]  AUMethodRender(void*, unsigned int*, AudioTimeStamp const*, unsigned int, unsigned int, AudioBufferList*)+0x2e
C  [libjfxmedia_avf.dylib+0x54b1]  ProcessAudioTap(void const*, long, unsigned int, AudioBufferList*, long*, unsigned int*)+0x63
C  [MediaToolbox+0x36a18d]  MTAudioProcessingTapGetSourceAudio+0x852
C  [AudioToolbox+0xe5ecf]  AQClientCallProcessingTap(void*, unsigned int, AudioTimeStamp*, unsigned int*, unsigned int*, AudioBufferList*, int, double, unsigned int, double, unsigned int, unsigned char const*, unsigned int)+0x5d
C  [AudioToolbox+0x16ef20]  AQProcessingTap::DoCallout(unsigned int&, AudioTimeStamp&, unsigned int&, AudioBufferList&)+0xbc
C  [AudioToolbox+0x16ed1f]  AudioQueueObject::PerformTapInternal(AudioTimeStamp&, unsigned int&, unsigned int&)+0x85
C  [AudioToolbox+0x16ec25]  AudioQueueObject::PerformProcessingTap(int (*)(void*, unsigned int&, AudioTimeStamp const&, unsigned int, AudioBufferList&, double&, unsigned int&), void*, AudioTimeStamp&, unsigned int&, AudioBufferList&, unsigned int&)+0xc5
C  [AudioToolbox+0x17a5e5]  MEMixerChannel::TapDownstream(void*, unsigned int*, AudioTimeStamp const*, unsigned int, unsigned int, AudioBufferList*)+0x81
C  [CoreAudio+0x1100c5]  AUInputElement::PullInput(unsigned int&, AudioTimeStamp const&, unsigned int, unsigned int)+0xb9
C  [CoreAudio+0x5eb44]  AUDeferredRenderer::Produce()+0x240
C  [CoreAudio+0x5e87b]  AUDeferredRenderer::ProducerThreadProc()+0x31
C  [CoreAudio+0x5e27b]  AUDeferredRenderer::ProducerThreadProc(void*)+0x1f
C  [CoreAudio+0x126875]  CAPThread::Entry(CAPThread*)+0x55
C  [libsystem_pthread.dylib+0x3aab]  _pthread_body+0xb4
C  [libsystem_pthread.dylib+0x39f7]  _pthread_body+0x0
C  [libsystem_pthread.dylib+0x31fd]